[02:03:37.785] [INFO] [36mInitializing Storybook[39m
[02:03:38.177] [DEBUG] Getting package.json info for /Users/mader/BIO/bioma-design-system/package.json...
[02:03:38.177] [DEBUG] Getting CLI versions from NPM for storybook...
[02:03:38.177] [DEBUG] Executing command: npm info storybook version
[02:03:39.086] [INFO] Adding Storybook version 10.2.8 to your project
[02:03:39.088] [DEBUG] Project type detected: angular
[02:03:39.088] [DEBUG] Using cached package.json for /Users/mader/BIO/bioma-design-system/package.json...
[02:03:39.089] [INFO] Framework detected: angular
[02:03:39.089] [DEBUG] Getting installed version for vitest...
[02:03:39.089] [DEBUG] Executing command: npm ls --json --depth=99 2>/dev/null
[02:03:40.271] [DEBUG] Executing command: npm ls --json --depth=0 2>/dev/null
[02:03:41.128] [DEBUG] Error finding installations for vitest: ExecaError: Command failed with exit code 1: npm ls --json '--depth=0' '2>/dev/null'

{
  "version": "0.1.0",
  "name": "@mgomezw/bioma"
}
[02:03:41.128] [DEBUG] No installations found for vitest
[02:03:41.128] [DEBUG] Getting installed version for msw...
[02:03:41.128] [DEBUG] Executing command: npm ls --json --depth=99 2>/dev/null
[02:03:42.141] [DEBUG] Executing command: npm ls --json --depth=0 2>/dev/null
[02:03:42.916] [DEBUG] Error finding installations for msw: ExecaError: Command failed with exit code 1: npm ls --json '--depth=0' '2>/dev/null'

{
  "version": "0.1.0",
  "name": "@mgomezw/bioma"
}
[02:03:42.916] [DEBUG] No installations found for msw
[02:03:50.323] [PROMPT] New to Storybook? {"choice":true}
[02:03:51.091] [ERROR] [38;2;241;97;97mError: Every project in your workspace is already set up with Storybook. There is nothing to do![39m
    at Object.configure (file:///Users/mader/.npm/_npx/05823ecb1a3a987d/node_modules/create-storybook/dist/_node-chunks/chunk-M7TYML2Y.js:2287:13)
    at GeneratorExecutionCommand.executeProjectGenerator (file:///Users/mader/.npm/_npx/05823ecb1a3a987d/node_modules/create-storybook/dist/_node-chunks/chunk-M7TYML2Y.js:1337:80)
    at GeneratorExecutionCommand.execute (file:///Users/mader/.npm/_npx/05823ecb1a3a987d/node_modules/create-storybook/dist/_node-chunks/chunk-M7TYML2Y.js:1386:38)
    at executeGeneratorExecution (file:///Users/mader/.npm/_npx/05823ecb1a3a987d/node_modules/create-storybook/dist/_node-chunks/chunk-M7TYML2Y.js:1403:74)
    at doInitiate (file:///Users/mader/.npm/_npx/05823ecb1a3a987d/node_modules/create-storybook/dist/_node-chunks/chunk-M7TYML2Y.js:2840:74)
    at async file:///Users/mader/.npm/_npx/05823ecb1a3a987d/node_modules/create-storybook/dist/_node-chunks/chunk-M7TYML2Y.js:2882:20
    at async withTelemetry (file:///Users/mader/.npm/_npx/05823ecb1a3a987d/node_modules/storybook/dist/_node-chunks/chunk-KIOKJLL5.js:218:12)
    at async initiate (file:///Users/mader/.npm/_npx/05823ecb1a3a987d/node_modules/create-storybook/dist/_node-chunks/chunk-M7TYML2Y.js:2875:24)
    at async _Command.<anonymous> (file:///Users/mader/.npm/_npx/05823ecb1a3a987d/node_modules/create-storybook/dist/_node-chunks/run-6WTLCWSW.js:2684:144)